<?xml version="1.0" encoding="UTF-8"?>
<testng-results skipped="0" failed="0" ignored="0" total="1" passed="1">
  <reporter-output>
  </reporter-output>
  <suite name="Suite" duration-ms="75" started-at="2019-06-13T16:25:21Z" finished-at="2019-06-13T16:25:21Z">
    <groups>
    </groups>
    <test name="Test" duration-ms="75" started-at="2019-06-13T16:25:21Z" finished-at="2019-06-13T16:25:21Z">
      <class name="com.rapid.gitlab.TestSuite">
        <test-method status="PASS" signature="TC_001_TestCase()[pri:0, instance:com.rapid.gitlab.TestSuite@35851384]" name="TC_001_TestCase" duration-ms="16" started-at="2019-06-13T21:55:21Z" finished-at="2019-06-13T21:55:21Z">
          <reporter-output>
          </reporter-output>
        </test-method> <!-- TC_001_TestCase -->
      </class> <!-- com.rapid.gitlab.TestSuite -->
    </test> <!-- Test -->
  </suite> <!-- Suite -->
</testng-results>
