<?xml version="1.0" encoding="UTF-8"?>
<testng-results skipped="0" failed="0" ignored="0" total="1" passed="1">
  <reporter-output>
  </reporter-output>
  <suite name="Suite" duration-ms="6916" started-at="2019-06-25T05:21:11Z" finished-at="2019-06-25T05:21:17Z">
    <groups>
    </groups>
    <test name="Test" duration-ms="6916" started-at="2019-06-25T05:21:11Z" finished-at="2019-06-25T05:21:17Z">
      <class name="com.rapid.gitlab.TestSuite">
        <test-method status="PASS" signature="setUp()[pri:0, instance:com.rapid.gitlab.TestSuite@68be2bc2]" name="setUp" is-config="true" duration-ms="4166" started-at="2019-06-25T10:51:11Z" finished-at="2019-06-25T10:51:15Z">
          <reporter-output>
          </reporter-output>
        </test-method> <!-- setUp -->
        <test-method status="PASS" signature="TC_001_GoogleSearch()[pri:0, instance:com.rapid.gitlab.TestSuite@68be2bc2]" name="TC_001_GoogleSearch" duration-ms="2704" started-at="2019-06-25T10:51:15Z" finished-at="2019-06-25T10:51:17Z">
          <reporter-output>
          </reporter-output>
        </test-method> <!-- TC_001_GoogleSearch -->
      </class> <!-- com.rapid.gitlab.TestSuite -->
    </test> <!-- Test -->
  </suite> <!-- Suite -->
</testng-results>
